
/home/runner/work/exp-heat-transfer-combined-mode-iitb/exp-heat-transfer-combined-mode-iitb/experiment/simulation/common_libraries/js/ts_components/collapse_step.js
   1:10  warning  'show_step' is defined but never used                 no-unused-vars
   2:5   warning  '$' is not defined                                    no-undef
   3:9   warning  '$' is not defined                                    no-undef
   6:10  warning  'hide_step' is defined but never used                 no-unused-vars
   7:5   warning  '$' is not defined                                    no-undef
   8:9   warning  '$' is not defined                                    no-undef
  11:10  warning  'get_collapse_btn_text' is defined but never used     no-unused-vars
  20:10  warning  'get_collapse_btn_element' is defined but never used  no-unused-vars
  29:10  warning  'hide_all_steps' is defined but never used            no-unused-vars
  31:9   warning  '$' is not defined                                    no-undef

/home/runner/work/exp-heat-transfer-combined-mode-iitb/exp-heat-transfer-combined-mode-iitb/experiment/simulation/common_libraries/js/ts_components/matrix.js
   27:26  warning  'MathJax' is not defined                                no-undef
   32:7   warning  'Matrix_Without_String' is defined but never used       no-unused-vars
   52:26  warning  'MathJax' is not defined                                no-undef
   56:10  warning  'get_matrix_html' is defined but never used             no-unused-vars
   87:13  warning  'row_html' is assigned a value but never used           no-unused-vars
   99:10  warning  'get_matrix_html_with_title' is defined but never used  no-unused-vars
  131:13  warning  'row_html' is assigned a value but never used           no-unused-vars
  143:10  warning  'convert_2d_to_1d_vector' is defined but never used     no-unused-vars
  156:10  warning  'convert_1d_to_2d_matrix' is defined but never used     no-unused-vars

/home/runner/work/exp-heat-transfer-combined-mode-iitb/exp-heat-transfer-combined-mode-iitb/experiment/simulation/common_libraries/js/ts_components/pannel.js
  8:7  warning  'Pannel' is defined but never used  no-unused-vars

/home/runner/work/exp-heat-transfer-combined-mode-iitb/exp-heat-transfer-combined-mode-iitb/experiment/simulation/common_libraries/js/ts_components/questions.js
   6:17  warning  'op1' is assigned a value but never used      no-unused-vars
   7:17  warning  'op2' is assigned a value but never used      no-unused-vars
   8:17  warning  'op3' is assigned a value but never used      no-unused-vars
   9:17  warning  'op4' is assigned a value but never used      no-unused-vars
  94:7   warning  'Question_Options' is defined but never used  no-unused-vars

/home/runner/work/exp-heat-transfer-combined-mode-iitb/exp-heat-transfer-combined-mode-iitb/experiment/simulation/common_libraries/js/ts_components/tables.js
   19:22  warning  'verify_values' is not defined                                     no-undef
  137:22  warning  'verify_values' is not defined                                     no-undef
  260:7   warning  'Verify_Rows_Cols_6_decimal_places' is defined but never used      no-unused-vars
  311:22  warning  'verify_values' is not defined                                     no-undef
  416:7   warning  'Verify_Rows_Cols_Custom_Fixed_Update1' is defined but never used  no-unused-vars
  468:7   warning  'Show_Table_Custom_Fixed' is defined but never used                no-unused-vars
  506:7   warning  'Verify_Rows_Cols_Strings' is defined but never used               no-unused-vars
  527:22  warning  'verify_values' is not defined                                     no-undef
  663:7   warning  'Display_Table' is defined but never used                          no-unused-vars

/home/runner/work/exp-heat-transfer-combined-mode-iitb/exp-heat-transfer-combined-mode-iitb/experiment/simulation/common_libraries/js/ts_math_library/general_math_functions.js
    1:10  warning  'verify_values' is defined but never used                   no-unused-vars
   17:10  warning  'random1' is defined but never used                         no-unused-vars
   21:10  warning  'std_deviation' is defined but never used                   no-unused-vars
   26:10  warning  'gauss' is defined but never used                           no-unused-vars
   56:10  warning  'hide_panel' is defined but never used                      no-unused-vars
   63:10  warning  'inverse_matrix' is defined but never used                  no-unused-vars
   96:10  warning  'matrix_multiplication' is defined but never used           no-unused-vars
  113:10  warning  'transpose_matrix' is defined but never used                no-unused-vars
  123:10  warning  'matrix_multiplication_8decimal' is defined but never used  no-unused-vars
  140:10  warning  'adjoint_2x2_matrix' is defined but never used              no-unused-vars
  145:10  warning  'find_deteminant' is defined but never used                 no-unused-vars
  174:10  warning  'get_Submatrix' is defined but never used                   no-unused-vars

/home/runner/work/exp-heat-transfer-combined-mode-iitb/exp-heat-transfer-combined-mode-iitb/experiment/simulation/common_libraries/js/ts_math_library/regression.js
   1:10  warning  'regression_linear' is defined but never used            no-unused-vars
  18:10  warning  'regression_linear_1variable' is defined but never used  no-unused-vars
  27:10  warning  'regression_linear_2variable' is defined but never used  no-unused-vars
  52:11  warning  'gauss' is not defined                                   no-undef

/home/runner/work/exp-heat-transfer-combined-mode-iitb/exp-heat-transfer-combined-mode-iitb/experiment/simulation/common_libraries/math.ob.js
  1:745  warning  'b' is already defined  no-redeclare

/home/runner/work/exp-heat-transfer-combined-mode-iitb/exp-heat-transfer-combined-mode-iitb/experiment/simulation/js/activity1.js
   19:24   warning  'MathJax' is not defined                 no-undef
   22:10   warning  'Verify_act1' is defined but never used  no-unused-vars
   27:20   warning  'get_collapse_btn_text' is not defined   no-undef
   32:54   warning  'a1_l' is not defined                    no-undef
   32:66   warning  'a1_b' is not defined                    no-undef
   32:93   warning  'a1_surface_temp' is not defined         no-undef
   32:147  warning  'a1_env_temp' is not defined             no-undef
   32:214  warning  'a1_h' is not defined                    no-undef
   32:279  warning  'a1_epsilon' is not defined              no-undef
   32:330  warning  'boltzmann_constant' is not defined      no-undef
   36:32   warning  'a1_surface_temp' is not defined         no-undef
   37:32   warning  'a1_env_temp' is not defined             no-undef
   63:5    warning  'hide_all_steps' is not defined          no-undef
   64:24   warning  'show_step' is not defined               no-undef
   65:24   warning  'MathJax' is not defined                 no-undef
   68:10   warning  'sol1' is defined but never used         no-unused-vars
   73:20   warning  'get_collapse_btn_text' is not defined   no-undef
  109:5    warning  'a1_qc' is not defined                   no-undef
  109:13   warning  'a1_h' is not defined                    no-undef
  109:20   warning  'a1_a' is not defined                    no-undef
  109:28   warning  'a1_t1' is not defined                   no-undef
  109:36   warning  'a1_t2' is not defined                   no-undef
  111:5    warning  'hide_all_steps' is not defined          no-undef
  112:24   warning  'show_step' is not defined               no-undef
  113:24   warning  'MathJax' is not defined                 no-undef
  116:10   warning  'verify_sol1' is defined but never used  no-unused-vars
  118:17   warning  'a1_a' is not defined                    no-undef
  118:23   warning  'a1_qc' is not defined                   no-undef
  123:10   warning  'verify_values' is not defined           no-undef
  123:48   warning  'a1_a' is not defined                    no-undef
  127:10   warning  'verify_values' is not defined           no-undef
  127:48   warning  'a1_qc' is not defined                   no-undef
  133:25   warning  'a1_a' is not defined                    no-undef
  135:25   warning  'a1_qc' is not defined                   no-undef
  141:20   warning  'get_collapse_btn_text' is not defined   no-undef
  170:5    warning  'a1_qr' is not defined                   no-undef
  170:13   warning  'boltzmann_constant' is not defined      no-undef
  170:34   warning  'a1_a' is not defined                    no-undef
  170:41   warning  'a1_epsilon' is not defined              no-undef
  170:65   warning  'a1_t1' is not defined                   no-undef
  170:88   warning  'a1_t2' is not defined                   no-undef
  172:5    warning  'hide_all_steps' is not defined          no-undef
  173:24   warning  'show_step' is not defined               no-undef
  174:24   warning  'MathJax' is not defined                 no-undef
  176:10   warning  'verify_sol2' is defined but never used  no-unused-vars
  178:17   warning  'a1_qr' is not defined                   no-undef
  181:10   warning  'verify_values' is not defined           no-undef
  181:48   warning  'a1_qr' is not defined                   no-undef
  187:25   warning  'a1_qr' is not defined                   no-undef
  193:20   warning  'get_collapse_btn_text' is not defined   no-undef
  242:5    warning  'a1_qt' is not defined                   no-undef
  242:13   warning  'a1_qc' is not defined                   no-undef
  242:21   warning  'a1_qr' is not defined                   no-undef
  243:5    warning  'a1_ht' is not defined                   no-undef
  243:13   warning  'a1_qt' is not defined                   no-undef
  243:22   warning  'a1_a' is not defined                    no-undef
  243:30   warning  'a1_t1' is not defined                   no-undef
  243:38   warning  'a1_t2' is not defined                   no-undef
  245:5    warning  'hide_all_steps' is not defined          no-undef
  246:24   warning  'show_step' is not defined               no-undef
  247:24   warning  'MathJax' is not defined                 no-undef
  249:10   warning  'verify_sol3' is defined but never used  no-unused-vars
  251:17   warning  'a1_qt' is not defined                   no-undef
  251:24   warning  'a1_ht' is not defined                   no-undef
  256:10   warning  'verify_values' is not defined           no-undef
  256:48   warning  'a1_qt' is not defined                   no-undef
  260:10   warning  'verify_values' is not defined           no-undef
  260:48   warning  'a1_ht' is not defined                   no-undef
  266:25   warning  'a1_qt' is not defined                   no-undef
  268:25   warning  'a1_ht' is not defined                   no-undef
  271:5    warning  'activity2' is not defined               no-undef

/home/runner/work/exp-heat-transfer-combined-mode-iitb/exp-heat-transfer-combined-mode-iitb/experiment/simulation/js/activity2.js
    1:10   warning  'activity2' is defined but never used     no-unused-vars
   17:5    warning  'maindiv' is not defined                  no-undef
   18:24   warning  'MathJax' is not defined                  no-undef
   21:10   warning  'Verify_act2' is defined but never used   no-unused-vars
   26:20   warning  'get_collapse_btn_text' is not defined    no-undef
   33:78   warning  'a2_gas_temp' is not defined              no-undef
   33:140  warning  'a2_env_temp' is not defined              no-undef
   33:252  warning  'a2_q_radi' is not defined                no-undef
   33:333  warning  'a2_h_inner' is not defined               no-undef
   33:423  warning  'a2_r_cond' is not defined                no-undef
   33:518  warning  'a2_q_rado' is not defined                no-undef
   33:595  warning  'a2_inner_wall_temp' is not defined       no-undef
   33:735  warning  'a2_a' is not defined                     no-undef
   52:5    warning  'maindiv' is not defined                  no-undef
   53:5    warning  'hide_all_steps' is not defined           no-undef
   54:24   warning  'show_step' is not defined                no-undef
   55:24   warning  'MathJax' is not defined                  no-undef
   58:10   warning  'a2_sol2' is defined but never used       no-unused-vars
   59:20   warning  'get_collapse_btn_text' is not defined    no-undef
  101:5    warning  'a2_r_ci' is not defined                  no-undef
  101:20   warning  'a2_h_inner' is not defined               no-undef
  101:33   warning  'a2_a' is not defined                     no-undef
  102:5    warning  'a2_q_ci' is not defined                  no-undef
  102:16   warning  'a2_gas_temp' is not defined              no-undef
  102:30   warning  'a2_inner_wall_temp' is not defined       no-undef
  102:52   warning  'a2_r_ci' is not defined                  no-undef
  103:5    warning  'maindiv' is not defined                  no-undef
  104:5    warning  'hide_all_steps' is not defined           no-undef
  105:24   warning  'show_step' is not defined                no-undef
  106:24   warning  'MathJax' is not defined                  no-undef
  108:10   warning  'verify2_sol2' is defined but never used  no-unused-vars
  110:17   warning  'a2_r_ci' is not defined                  no-undef
  110:26   warning  'a2_q_ci' is not defined                  no-undef
  115:10   warning  'verify_values' is not defined            no-undef
  115:48   warning  'a2_r_ci' is not defined                  no-undef
  119:10   warning  'verify_values' is not defined            no-undef
  119:48   warning  'a2_q_ci' is not defined                  no-undef
  125:25   warning  'a2_r_ci' is not defined                  no-undef
  127:25   warning  'a2_q_ci' is not defined                  no-undef
  133:20   warning  'get_collapse_btn_text' is not defined    no-undef
  181:5    warning  'a2_q' is not defined                     no-undef
  181:12   warning  'a2_q_ci' is not defined                  no-undef
  181:23   warning  'a2_q_radi' is not defined                no-undef
  182:5    warning  'a2_t_s2' is not defined                  no-undef
  182:21   warning  'a2_q' is not defined                     no-undef
  182:28   warning  'a2_r_cond' is not defined                no-undef
  182:41   warning  'a2_inner_wall_temp' is not defined       no-undef
  183:5    warning  'maindiv' is not defined                  no-undef
  184:5    warning  'hide_all_steps' is not defined           no-undef
  185:24   warning  'show_step' is not defined                no-undef
  186:24   warning  'MathJax' is not defined                  no-undef
  188:10   warning  'verify2_sol3' is defined but never used  no-unused-vars
  190:17   warning  'a2_q' is not defined                     no-undef
  190:23   warning  'a2_t_s2' is not defined                  no-undef
  195:10   warning  'verify_values' is not defined            no-undef
  195:48   warning  'a2_q' is not defined                     no-undef
  199:10   warning  'verify_values' is not defined            no-undef
  199:48   warning  'a2_t_s2' is not defined                  no-undef
  205:25   warning  'a2_q' is not defined                     no-undef
  207:25   warning  'a2_t_s2' is not defined                  no-undef
  213:20   warning  'get_collapse_btn_text' is not defined    no-undef
  263:5    warning  'a2_q_co' is not defined                  no-undef
  263:15   warning  'a2_q' is not defined                     no-undef
  263:23   warning  'a2_q_rado' is not defined                no-undef
  264:5    warning  'a2_h2' is not defined                    no-undef
  264:13   warning  'a2_q_co' is not defined                  no-undef
  264:24   warning  'a2_a' is not defined                     no-undef
  264:32   warning  'a2_t_s2' is not defined                  no-undef
  264:42   warning  'a2_env_temp' is not defined              no-undef
  265:5    warning  'maindiv' is not defined                  no-undef
  266:5    warning  'hide_all_steps' is not defined           no-undef
  267:24   warning  'show_step' is not defined                no-undef
  268:24   warning  'MathJax' is not defined                  no-undef
  270:10   warning  'verify2_sol4' is defined but never used  no-unused-vars
  272:17   warning  'a2_q_co' is not defined                  no-undef
  272:26   warning  'a2_h2' is not defined                    no-undef
  277:10   warning  'verify_values' is not defined            no-undef
  277:48   warning  'a2_q_co' is not defined                  no-undef
  281:10   warning  'verify_values' is not defined            no-undef
  281:48   warning  'a2_h2' is not defined                    no-undef
  287:25   warning  'a2_q_co' is not defined                  no-undef
  289:25   warning  'a2_h2' is not defined                    no-undef

/home/runner/work/exp-heat-transfer-combined-mode-iitb/exp-heat-transfer-combined-mode-iitb/experiment/simulation/js/data.js
   5:5  warning  'a1_h' is assigned a value but never used                no-unused-vars
   6:7  warning  'boltzmann_constant' is assigned a value but never used  no-unused-vars
   8:5  warning  'a1_epsilon' is assigned a value but never used          no-unused-vars
   9:5  warning  'a1_t1' is assigned a value but never used               no-unused-vars
  10:5  warning  'a1_t2' is assigned a value but never used               no-unused-vars
  11:5  warning  'a1_a' is assigned a value but never used                no-unused-vars
  12:5  warning  'a1_qc' is assigned a value but never used               no-unused-vars
  13:5  warning  'a1_qr' is assigned a value but never used               no-unused-vars
  14:5  warning  'a1_qt' is assigned a value but never used               no-unused-vars
  15:5  warning  'a1_ht' is assigned a value but never used               no-unused-vars
  17:5  warning  'a2_gas_temp' is assigned a value but never used         no-unused-vars
  18:5  warning  'a2_env_temp' is assigned a value but never used         no-unused-vars
  19:5  warning  'a2_q_radi' is assigned a value but never used           no-unused-vars
  20:5  warning  'a2_h_inner' is assigned a value but never used          no-unused-vars
  21:5  warning  'a2_r_cond' is assigned a value but never used           no-unused-vars
  22:5  warning  'a2_q_rado' is assigned a value but never used           no-unused-vars
  23:5  warning  'a2_inner_wall_temp' is assigned a value but never used  no-unused-vars
  24:5  warning  'a2_a' is assigned a value but never used                no-unused-vars
  25:5  warning  'a2_r_ci' is assigned a value but never used             no-unused-vars
  26:5  warning  'a2_q_ci' is assigned a value but never used             no-unused-vars
  27:5  warning  'a2_q' is assigned a value but never used                no-unused-vars
  28:5  warning  'a2_t_s2' is assigned a value but never used             no-unused-vars
  29:5  warning  'a2_q_co' is assigned a value but never used             no-unused-vars
  30:5  warning  'a2_h2' is assigned a value but never used               no-unused-vars

/home/runner/work/exp-heat-transfer-combined-mode-iitb/exp-heat-transfer-combined-mode-iitb/experiment/simulation/js/gauss_ele.js
  42:10  warning  'gauss_ele' is defined but never used  no-unused-vars

/home/runner/work/exp-heat-transfer-combined-mode-iitb/exp-heat-transfer-combined-mode-iitb/experiment/simulation/js/screen_size.js
  1:10  warning  'set_screen_size' is defined but never used  no-unused-vars

/home/runner/work/exp-heat-transfer-combined-mode-iitb/exp-heat-transfer-combined-mode-iitb/experiment/simulation/js/trap.js
   4:10  warning  'generate_data' is defined but never used  no-unused-vars
  13:10  warning  'trap' is defined but never used           no-unused-vars
  21:10  warning  'sim1by3' is defined but never used        no-unused-vars
  29:10  warning  'sim3by8' is defined but never used        no-unused-vars

✖ 234 problems (0 errors, 234 warnings)

